<?xml version="1.0" encoding="UTF-8"?>
<!-- Generated by org.testng.reporters.JUnitReportReporter -->
<testsuite hostname="MSI" failures="0" tests="1" name="JavaClassPackage.JavaClass" time="4.431" errors="0" timestamp="2024-03-09T21:59:32 AST" skipped="0">
  <testcase classname="JavaClassPackage.JavaClass" name="Login" time="4.431"/>
</testsuite> <!-- JavaClassPackage.JavaClass -->
